{
  "RSpec": {
    "coverage": {
      "/Users/sallyjanekielty/Desktop/Ben/Makers/Projects/byte4-makers-bnb/spec/feature_tests_spec.rb": [
        1,
        null,
        null,
        null,
        null,
        null,
        null,
        1,
        1,
        1,
        1,
        1,
        1,
        1,
        null,
        null
      ],
      "/Users/sallyjanekielty/Desktop/Ben/Makers/Projects/byte4-makers-bnb/spec/units/user_spec.rb": [
        null,
        null,
        null,
        null,
        null
      ]
    },
    "timestamp": 1486403682
  }
}
